# JRE version: OpenJDK Runtime Environment (8.0_152-b01) (build 1.8.0_152-release-1248-b01)
# Java VM: OpenJDK 64-Bit Server VM (25.152-b01 mixed mode windows-amd64 compressed oops)
Heap:
 PSYoungGen      total 316416K, used 83589K [0x00000000e0000000, 0x00000000f5a00000, 0x0000000100000000)
  eden space 287744K, 20% used [0x00000000e0000000,0x00000000e39d5ba8,0x00000000f1900000)
  from space 28672K, 84% used [0x00000000f3800000,0x00000000f4fcbc10,0x00000000f5400000)
  to   space 31744K, 0% used [0x00000000f1900000,0x00000000f1900000,0x00000000f3800000)
 ParOldGen       total 176640K, used 50987K [0x00000000a0000000, 0x00000000aac80000, 0x00000000e0000000)
  object space 176640K, 28% used [0x00000000a0000000,0x00000000a31caea8,0x00000000aac80000)
 Metaspace       used 112259K, capacity 116966K, committed 117248K, reserved 1150976K
  class space    used 14810K, capacity 15820K, committed 15872K, reserved 1048576K
GC Heap History (10 events):
Event: 13.958 GC heap before
{Heap before GC invocations=18 (full 3):
 PSYoungGen      total 226816K, used 226795K [0x00000000e0000000, 0x00000000efd80000, 0x0000000100000000)
  eden space 208384K, 100% used [0x00000000e0000000,0x00000000ecb80000,0x00000000ecb80000)
  from space 18432K, 99% used [0x00000000ee380000,0x00000000ef57acb0,0x00000000ef580000)
  to   space 24576K, 0% used [0x00000000ecb80000,0x00000000ecb80000,0x00000000ee380000)
 ParOldGen       total 119808K, used 38935K [0x00000000a0000000, 0x00000000a7500000, 0x00000000e0000000)
  object space 119808K, 32% used [0x00000000a0000000,0x00000000a2605c50,0x00000000a7500000)
 Metaspace       used 82068K, capacity 84900K, committed 85248K, reserved 1122304K
  class space    used 10763K, capacity 11419K, committed 11520K, reserved 1048576K
Event: 13.996 GC heap after
Heap after GC invocations=18 (full 3):
 PSYoungGen      total 232960K, used 24544K [0x00000000e0000000, 0x00000000f4000000, 0x0000000100000000)
  eden space 208384K, 0% used [0x00000000e0000000,0x00000000e0000000,0x00000000ecb80000)
  from space 24576K, 99% used [0x00000000ecb80000,0x00000000ee378288,0x00000000ee380000)
  to   space 31744K, 0% used [0x00000000f2100000,0x00000000f2100000,0x00000000f4000000)
 ParOldGen       total 119808K, used 48285K [0x00000000a0000000, 0x00000000a7500000, 0x00000000e0000000)
  object space 119808K, 40% used [0x00000000a0000000,0x00000000a2f27778,0x00000000a7500000)
 Metaspace       used 82068K, capacity 84900K, committed 85248K, reserved 1122304K
  class space    used 10763K, capacity 11419K, committed 11520K, reserved 1048576K
}
Event: 544.476 GC heap before
{Heap before GC invocations=19 (full 3):
 PSYoungGen      total 232960K, used 232928K [0x00000000e0000000, 0x00000000f4000000, 0x0000000100000000)
  eden space 208384K, 100% used [0x00000000e0000000,0x00000000ecb80000,0x00000000ecb80000)
  from space 24576K, 99% used [0x00000000ecb80000,0x00000000ee378288,0x00000000ee380000)
  to   space 31744K, 0% used [0x00000000f2100000,0x00000000f2100000,0x00000000f4000000)
 ParOldGen       total 119808K, used 48285K [0x00000000a0000000, 0x00000000a7500000, 0x00000000e0000000)
  object space 119808K, 40% used [0x00000000a0000000,0x00000000a2f27778,0x00000000a7500000)
 Metaspace       used 86553K, capacity 89688K, committed 89984K, reserved 1126400K
  class space    used 11326K, capacity 12093K, committed 12160K, reserved 1048576K
Event: 544.485 GC heap after
Heap after GC invocations=19 (full 3):
 PSYoungGen      total 276480K, used 10544K [0x00000000e0000000, 0x00000000f3580000, 0x0000000100000000)
  eden space 255488K, 0% used [0x00000000e0000000,0x00000000e0000000,0x00000000ef980000)
  from space 20992K, 50% used [0x00000000f2100000,0x00000000f2b4c190,0x00000000f3580000)
  to   space 30720K, 0% used [0x00000000ef980000,0x00000000ef980000,0x00000000f1780000)
 ParOldGen       total 119808K, used 49146K [0x00000000a0000000, 0x00000000a7500000, 0x00000000e0000000)
  object space 119808K, 41% used [0x00000000a0000000,0x00000000a2ffe840,0x00000000a7500000)
 Metaspace       used 86553K, capacity 89688K, committed 89984K, reserved 1126400K
  class space    used 11326K, capacity 12093K, committed 12160K, reserved 1048576K
}
Event: 545.384 GC heap before
{Heap before GC invocations=20 (full 3):
 PSYoungGen      total 276480K, used 96030K [0x00000000e0000000, 0x00000000f3580000, 0x0000000100000000)
  eden space 255488K, 33% used [0x00000000e0000000,0x00000000e537b858,0x00000000ef980000)
  from space 20992K, 50% used [0x00000000f2100000,0x00000000f2b4c190,0x00000000f3580000)
  to   space 30720K, 0% used [0x00000000ef980000,0x00000000ef980000,0x00000000f1780000)
 ParOldGen       total 119808K, used 49146K [0x00000000a0000000, 0x00000000a7500000, 0x00000000e0000000)
  object space 119808K, 41% used [0x00000000a0000000,0x00000000a2ffe840,0x00000000a7500000)
 Metaspace       used 94718K, capacity 98392K, committed 98560K, reserved 1134592K
  class space    used 12383K, capacity 13207K, committed 13312K, reserved 1048576K
Event: 545.394 GC heap after
Heap after GC invocations=20 (full 3):
 PSYoungGen      total 286208K, used 12434K [0x00000000e0000000, 0x00000000f5400000, 0x0000000100000000)
  eden space 255488K, 0% used [0x00000000e0000000,0x00000000e0000000,0x00000000ef980000)
  from space 30720K, 40% used [0x00000000ef980000,0x00000000f05a4878,0x00000000f1780000)
  to   space 28672K, 0% used [0x00000000f3800000,0x00000000f3800000,0x00000000f5400000)
 ParOldGen       total 119808K, used 49154K [0x00000000a0000000, 0x00000000a7500000, 0x00000000e0000000)
  object space 119808K, 41% used [0x00000000a0000000,0x00000000a3000840,0x00000000a7500000)
 Metaspace       used 94718K, capacity 98392K, committed 98560K, reserved 1134592K
  class space    used 12383K, capacity 13207K, committed 13312K, reserved 1048576K
}
Event: 545.394 GC heap before
{Heap before GC invocations=21 (full 4):
 PSYoungGen      total 286208K, used 12434K [0x00000000e0000000, 0x00000000f5400000, 0x0000000100000000)
  eden space 255488K, 0% used [0x00000000e0000000,0x00000000e0000000,0x00000000ef980000)
  from space 30720K, 40% used [0x00000000ef980000,0x00000000f05a4878,0x00000000f1780000)
  to   space 28672K, 0% used [0x00000000f3800000,0x00000000f3800000,0x00000000f5400000)
 ParOldGen       total 119808K, used 49154K [0x00000000a0000000, 0x00000000a7500000, 0x00000000e0000000)
  object space 119808K, 41% used [0x00000000a0000000,0x00000000a3000840,0x00000000a7500000)
 Metaspace       used 94718K, capacity 98392K, committed 98560K, reserved 1134592K
  class space    used 12383K, capacity 13207K, committed 13312K, reserved 1048576K
Event: 545.582 GC heap after
Heap after GC invocations=21 (full 4):
 PSYoungGen      total 286208K, used 0K [0x00000000e0000000, 0x00000000f5400000, 0x0000000100000000)
  eden space 255488K, 0% used [0x00000000e0000000,0x00000000e0000000,0x00000000ef980000)
  from space 30720K, 0% used [0x00000000ef980000,0x00000000ef980000,0x00000000f1780000)
  to   space 28672K, 0% used [0x00000000f3800000,0x00000000f3800000,0x00000000f5400000)
 ParOldGen       total 176640K, used 50979K [0x00000000a0000000, 0x00000000aac80000, 0x00000000e0000000)
  object space 176640K, 28% used [0x00000000a0000000,0x00000000a31c8ea8,0x00000000aac80000)
 Metaspace       used 94497K, capacity 97814K, committed 98560K, reserved 1134592K
  class space    used 12306K, capacity 13077K, committed 13312K, reserved 1048576K
}
Event: 615.627 GC heap before
{Heap before GC invocations=22 (full 4):
 PSYoungGen      total 286208K, used 255488K [0x00000000e0000000, 0x00000000f5400000, 0x0000000100000000)
  eden space 255488K, 100% used [0x00000000e0000000,0x00000000ef980000,0x00000000ef980000)
  from space 30720K, 0% used [0x00000000ef980000,0x00000000ef980000,0x00000000f1780000)
  to   space 28672K, 0% used [0x00000000f3800000,0x00000000f3800000,0x00000000f5400000)
 ParOldGen       total 176640K, used 50979K [0x00000000a0000000, 0x00000000aac80000, 0x00000000e0000000)
  object space 176640K, 28% used [0x00000000a0000000,0x00000000a31c8ea8,0x00000000aac80000)
 Metaspace       used 109922K, capacity 114620K, committed 114816K, reserved 1148928K
  class space    used 14463K, capacity 15481K, committed 15488K, reserved 1048576K
Event: 615.656 GC heap after
Heap after GC invocations=22 (full 4):
 PSYoungGen      total 316416K, used 24367K [0x00000000e0000000, 0x00000000f5a00000, 0x0000000100000000)
  eden space 287744K, 0% used [0x00000000e0000000,0x00000000e0000000,0x00000000f1900000)
  from space 28672K, 84% used [0x00000000f3800000,0x00000000f4fcbc10,0x00000000f5400000)
  to   space 31744K, 0% used [0x00000000f1900000,0x00000000f1900000,0x00000000f3800000)
 ParOldGen       total 176640K, used 50987K [0x00000000a0000000, 0x00000000aac80000, 0x00000000e0000000)
  object space 176640K, 28% used [0x00000000a0000000,0x00000000a31caea8,0x00000000aac80000)
 Metaspace       used 109922K, capacity 114620K, committed 114816K, reserved 1148928K
  class space    used 14463K, capacity 15481K, committed 15488K, reserved 1048576K
}

